[2025-04-04T07:49:16.040380+00:00] app.INFO: class exist1 [] []
[2025-04-04T07:50:47.270235+00:00] app.INFO: Task 9 status updated to completed [] []
[2025-04-04T07:50:48.082099+00:00] app.INFO: Task 9 status updated to pending [] []
[2025-04-04T07:51:53.377753+00:00] app.INFO: "shova@gmail.com" [] []
[2025-04-04T07:51:53.378849+00:00] app.INFO: [] [] []
[2025-04-04T15:52:29.213859+00:00] app.INFO: {"id":17,"email":"kavi@gmail.com","firstname":"kavi","lastname":"thapa","otp":"513553","otp_expires":"2025-04-04 16:02:10","is_verified":0,"created_at":"2025-04-04T15:52:10.000000Z","updated_at":"2025-04-04T15:52:10.000000Z"} [] []
[2025-04-04T16:08:54.212066+00:00] app.ERROR: User already verified [] []
[2025-04-04T16:09:47.252870+00:00] app.INFO: 1 [] []
[2025-04-05T09:56:50.600832+00:00] app.INFO: "suman@gmail.com" [] []
[2025-04-05T09:56:50.601299+00:00] app.INFO: [] [] []
[2025-04-05T10:06:42.875301+00:00] app.INFO: [] [] []
[2025-04-05T10:07:27.503200+00:00] app.INFO: errors[] [] []
[2025-04-05T10:08:48.756461+00:00] app.INFO: it comes here [] []
[2025-04-05T10:14:19.409353+00:00] app.INFO: "tst" [] []
[2025-04-05T10:16:23.265955+00:00] app.INFO: {"id":18,"email":"suman@gmail.com","firstname":"suman","lastname":"thapa","otp":"598483","otp_expires":"2025-04-04 16:15:44","is_verified":1,"created_at":"2025-04-04T16:05:44.000000Z","updated_at":"2025-04-04T16:06:08.000000Z"} [] []
[2025-04-05T10:17:54.879392+00:00] app.INFO: password not matched [] []
[2025-04-05T10:19:14.116158+00:00] app.INFO: controller [] []
[2025-04-05T10:23:15.951236+00:00] app.INFO: controllerCredentials did not match [] []
[2025-04-05T10:28:34.047164+00:00] app.INFO: 1 [] []
[2025-04-05T10:32:27.536334+00:00] app.INFO: res{"id":17,"email":"kavi@gmail.com","firstname":"kavi","lastname":"thapa","otp":"513553","otp_expires":"2025-04-04 16:02:10","is_verified":0,"created_at":"2025-04-04T15:52:10.000000Z","updated_at":"2025-04-04T15:52:10.000000Z"} [] []
[2025-04-05T10:41:02.510319+00:00] app.INFO: verify [] []
[2025-04-05T10:41:02.511459+00:00] app.INFO: res{"id":8,"email":"sabin@gmail.com","firstname":"sabin","lastname":"thapa","otp":"519832","otp_expires":"2025-04-03 17:36:35","is_verified":0,"created_at":"2025-04-03T17:26:35.000000Z","updated_at":"2025-04-03T17:26:35.000000Z"} [] []
[2025-04-05T10:45:52.630676+00:00] app.INFO: resArray [] []
[2025-04-05T10:47:16.720538+00:00] app.INFO: res {"status":"unverified","message":"Account not verified . Please check email to verify"} [] []
[2025-04-05T10:48:14.628305+00:00] app.INFO: res {"status":"unverified","message":"Account not verified . Please check email to verify"} [] []
[2025-04-05T10:53:40.528032+00:00] app.INFO: res {"status":"unverified","message":"Account not verified . Please check email to verify"} [] []
[2025-04-05T10:54:17.381019+00:00] app.INFO: res {"status":"unverified","message":"Account not verified . Please check email to verify"} [] []
[2025-04-05T11:13:53.298803+00:00] app.INFO: res {"status":"unverified","message":"Account not verified . Please check email to verify"} [] []
[2025-04-05T12:43:13.439380+00:00] app.INFO: res {"status":"unverified","message":"Account not verified . Please check email to verify"} [] []
[2025-04-05T12:44:38.066907+00:00] app.INFO: resendotpsam@gmail.com [] []
[2025-04-05T12:45:49.728327+00:00] app.INFO: res {"status":"unverified","message":"Account not verified . Please check email to verify"} [] []
[2025-04-05T12:45:53.582880+00:00] app.INFO: resendotpsam@gmail.com [] []
[2025-04-05T12:49:42.448232+00:00] app.INFO: res {"status":"unverified","message":"Account not verified . Please check email to verify"} [] []
[2025-04-05T12:49:45.548005+00:00] app.INFO: resendotpsam@gmail.com [] []
[2025-04-05T12:51:32.305136+00:00] app.INFO: res {"status":"unverified","message":"Account not verified . Please check email to verify"} [] []
[2025-04-05T12:51:34.761002+00:00] app.INFO: resendotpkavi@gmail.com [] []
[2025-04-05T12:55:33.155738+00:00] app.INFO: res {"status":"unverified","message":"Account not verified . Please check email to verify"} [] []
[2025-04-05T12:55:35.367546+00:00] app.INFO: resendotpkavi@gmail.com [] []
[2025-04-05T12:56:37.478189+00:00] app.INFO: resendotpkavi@gmail.com [] []
[2025-04-05T12:56:37.482007+00:00] app.INFO: user resend{"id":17,"email":"kavi@gmail.com","firstname":"kavi","lastname":"thapa","otp":"513553","otp_expires":"2025-04-04 16:02:10","is_verified":0,"created_at":"2025-04-04T15:52:10.000000Z","updated_at":"2025-04-04T15:52:10.000000Z"} [] []
[2025-04-05T12:57:57.119544+00:00] app.INFO: resendotpkavi@gmail.com [] []
[2025-04-05T12:57:59.079310+00:00] app.INFO: 1 [] []
[2025-04-05T12:59:26.996330+00:00] app.INFO: res {"status":"unverified","message":"Account not verified . Please check email to verify"} [] []
[2025-04-05T12:59:29.451771+00:00] app.INFO: resendotpkavi@gmail.com [] []
[2025-04-05T12:59:31.382686+00:00] app.INFO: 1 [] []
[2025-04-05T13:15:03.126876+00:00] app.INFO: res {"status":"unverified","message":"Account not verified . Please check email to verify"} [] []
[2025-04-05T13:17:56.613820+00:00] app.INFO: res {"status":"unverified","message":"Account not verified . Please check email to verify"} [] []
[2025-04-05T13:17:59.348533+00:00] app.INFO: {"id":17,"email":"kavi@gmail.com","firstname":"kavi","lastname":"thapa","otp":"513553","otp_expires":"2025-04-04 16:02:10","is_verified":0,"created_at":"2025-04-04T15:52:10.000000Z","updated_at":"2025-04-04T15:52:10.000000Z"} [] []
[2025-04-05T13:21:58.885846+00:00] app.INFO: update [] []
[2025-04-05T13:21:58.888647+00:00] app.INFO: {"id":17,"email":"kavi@gmail.com","firstname":"kavi","lastname":"thapa","otp":"513553","otp_expires":"2025-04-04 16:02:10","is_verified":0,"created_at":"2025-04-04T15:52:10.000000Z","updated_at":"2025-04-04T15:52:10.000000Z"} [] []
[2025-04-05T13:23:21.317368+00:00] app.INFO: kavi@gmail.com [] []
[2025-04-05T13:23:21.319492+00:00] app.INFO: update [] []
[2025-04-05T13:23:21.321209+00:00] app.INFO: {"id":17,"email":"kavi@gmail.com","firstname":"kavi","lastname":"thapa","otp":"513553","otp_expires":"2025-04-04 16:02:10","is_verified":0,"created_at":"2025-04-04T15:52:10.000000Z","updated_at":"2025-04-04T15:52:10.000000Z"} [] []
[2025-04-05T13:24:04.792347+00:00] app.INFO: email update [] []
[2025-04-05T13:24:04.795644+00:00] app.INFO: update [] []
[2025-04-05T13:24:04.797687+00:00] app.INFO: {"id":17,"email":"kavi@gmail.com","firstname":"kavi","lastname":"thapa","otp":"513553","otp_expires":"2025-04-04 16:02:10","is_verified":0,"created_at":"2025-04-04T15:52:10.000000Z","updated_at":"2025-04-04T15:52:10.000000Z"} [] []
[2025-04-05T13:24:45.286704+00:00] app.INFO: res {"status":"unverified","message":"Account not verified . Please check email to verify"} [] []
[2025-04-05T13:27:12.947177+00:00] app.INFO: update{"id":17,"email":"kavi@gmail.com","firstname":"kavi","lastname":"thapa","otp":"513553","otp_expires":"2025-04-04 16:02:10","is_verified":0,"created_at":"2025-04-04T15:52:10.000000Z","updated_at":"2025-04-04T15:52:10.000000Z"} [] []
[2025-04-05T13:27:12.947960+00:00] app.INFO: {"id":17,"email":"kavi@gmail.com","firstname":"kavi","lastname":"thapa","otp":"513553","otp_expires":"2025-04-04 16:02:10","is_verified":0,"created_at":"2025-04-04T15:52:10.000000Z","updated_at":"2025-04-04T15:52:10.000000Z"} [] []
[2025-04-05T13:36:37.006882+00:00] app.INFO: update{"id":17,"email":"kavi@gmail.com","firstname":"kavi","lastname":"thapa","otp":"513553","otp_expires":"2025-04-04 16:02:10","is_verified":0,"created_at":"2025-04-04T15:52:10.000000Z","updated_at":"2025-04-04T15:52:10.000000Z"} [] []
[2025-04-05T13:36:37.008813+00:00] app.INFO: {"id":17,"email":"kavi@gmail.com","firstname":"kavi","lastname":"thapa","otp":"513553","otp_expires":"2025-04-04 16:02:10","is_verified":0,"created_at":"2025-04-04T15:52:10.000000Z","updated_at":"2025-04-04T15:52:10.000000Z"} [] []
[2025-04-05T13:41:09.292019+00:00] app.INFO: res {"status":"unverified","message":"Account not verified . Please check email to verify"} [] []
[2025-04-05T13:41:11.384162+00:00] app.INFO: update{"id":17,"email":"kavi@gmail.com","firstname":"kavi","lastname":"thapa","otp":"513553","otp_expires":"2025-04-04 16:02:10","is_verified":0,"created_at":"2025-04-04T15:52:10.000000Z","updated_at":"2025-04-04T15:52:10.000000Z"} [] []
[2025-04-05T13:41:11.384669+00:00] app.INFO: {"id":17,"email":"kavi@gmail.com","firstname":"kavi","lastname":"thapa","otp":"513553","otp_expires":"2025-04-04 16:02:10","is_verified":0,"created_at":"2025-04-04T15:52:10.000000Z","updated_at":"2025-04-04T15:52:10.000000Z"} [] []
[2025-04-05T13:44:39.424266+00:00] app.INFO: {"id":17,"email":"kavi@gmail.com","firstname":"kavi","lastname":"thapa","otp":796917,"otp_expires":"2025-04-05 13:54:39","is_verified":0,"created_at":"2025-04-04T15:52:10.000000Z","updated_at":"2025-04-05T13:44:39.000000Z"} [] []
[2025-04-05T13:46:21.456990+00:00] app.INFO: res {"status":"unverified","message":"Account not verified . Please check email to verify"} [] []
[2025-04-05T13:46:26.247474+00:00] app.INFO: {"id":17,"email":"kavi@gmail.com","firstname":"kavi","lastname":"thapa","otp":538859,"otp_expires":"2025-04-05 13:56:26","is_verified":0,"created_at":"2025-04-04T15:52:10.000000Z","updated_at":"2025-04-05T13:46:26.000000Z"} [] []
[2025-04-05T13:51:11.999809+00:00] app.INFO: res {"status":"unverified","message":"Account not verified . Please check email to verify"} [] []
[2025-04-05T13:51:18.527081+00:00] app.INFO: {"id":17,"email":"kavi@gmail.com","firstname":"kavi","lastname":"thapa","otp":909090,"otp_expires":"2025-04-05 14:01:18","is_verified":0,"created_at":"2025-04-04T15:52:10.000000Z","updated_at":"2025-04-05T13:51:18.000000Z"} [] []
[2025-04-05T13:52:06.746615+00:00] app.INFO: 1 [] []
[2025-04-05T13:52:21.702603+00:00] app.INFO: res {"id":17,"email":"kavi@gmail.com","firstname":"kavi","lastname":"thapa","otp":"909090","otp_expires":"2025-04-05 14:01:18","is_verified":1,"created_at":"2025-04-04T15:52:10.000000Z","updated_at":"2025-04-05T13:52:06.000000Z"} [] []
[2025-04-05T13:52:51.982910+00:00] app.INFO: res {"status":"unverified","message":"Account not verified . Please check email to verify"} [] []
[2025-04-05T13:52:57.254680+00:00] app.INFO: {"id":16,"email":"shiva@gmail.com","firstname":"shiva","lastname":"thapa","otp":435224,"otp_expires":"2025-04-05 14:02:57","is_verified":0,"created_at":"2025-04-04T15:43:36.000000Z","updated_at":"2025-04-05T13:52:57.000000Z"} [] []
[2025-04-05T14:07:48.062330+00:00] app.INFO: res {"status":"unverified","message":"Account not verified . Please check email to verify"} [] []
[2025-04-05T14:09:53.157814+00:00] app.INFO: {"id":15,"email":"nisha@gmail.com","firstname":"nisha","lastname":"thapa","otp":426910,"otp_expires":"2025-04-05 14:19:53","is_verified":0,"created_at":"2025-04-04T15:24:14.000000Z","updated_at":"2025-04-05T14:09:53.000000Z"} [] []
[2025-04-05T14:10:38.999780+00:00] app.INFO: 1 [] []
[2025-04-05T14:11:11.431771+00:00] app.INFO: res {"status":"unverified","message":"Account not verified . Please check email to verify"} [] []
[2025-04-05T21:02:13.327952+00:00] app.INFO: res {"status":"unverified","message":"Account not verified . Please check email to verify"} [] []
[2025-04-05T21:03:14.666480+00:00] app.INFO: {"id":16,"email":"shiva@gmail.com","firstname":"shiva","lastname":"thapa","otp":612531,"otp_expires":"2025-04-05 21:13:14","is_verified":0,"created_at":"2025-04-04T15:43:36.000000Z","updated_at":"2025-04-05T21:03:14.000000Z"} [] []
[2025-04-05T21:03:40.308186+00:00] app.INFO: 1 [] []
[2025-04-05T21:05:47.342446+00:00] app.INFO: res {"status":"unverified","message":"Account not verified . Please check email to verify"} [] []
[2025-04-05T21:06:08.850722+00:00] app.INFO: 1 [] []
[2025-04-05T21:07:41.073425+00:00] app.INFO: res {"status":"unverified","message":"Account not verified . Please check email to verify"} [] []
[2025-04-05T21:07:51.552134+00:00] app.INFO: {"id":21,"email":"sam@gmail.com","firstname":"sam","lastname":"thapa","otp":835629,"otp_expires":"2025-04-05 21:17:51","is_verified":0,"created_at":"2025-04-05T11:12:50.000000Z","updated_at":"2025-04-05T21:07:51.000000Z"} [] []
[2025-04-05T21:08:34.186727+00:00] app.INFO: 1 [] []
[2025-04-05T21:08:59.685579+00:00] app.INFO: Task 10 status updated to completed [] []
[2025-04-05T21:09:00.767969+00:00] app.INFO: Task 10 status updated to pending [] []
